<?xml version="1.0" encoding="UTF-8"?>
<testsuite xmlns:xsi="http://www.w3.org/2001/XMLSchema-instance" xsi:noNamespaceSchemaLocation="https://maven.apache.org/surefire/maven-surefire-plugin/xsd/surefire-test-report.xsd" version="3.0.1" name="marcos.ProfesorTest" time="0.039" tests="6" errors="0" skipped="0" failures="0">
  <properties>
[...]
</properties>
  <testcase name="testToString" classname="marcos.ProfesorTest" time="0.025"/>
  <testcase name="testSetCuerpo" classname="marcos.ProfesorTest" time="0.001"/>
  <testcase name="testSetSustituto" classname="marcos.ProfesorTest" time="0.001"/>
  <testcase name="testConstructorANdGetters" classname="marcos.ProfesorTest" time="0.001"/>
  <testcase name="testSetEspecialidad" classname="marcos.ProfesorTest" time="0.002"/>
  <testcase name="testFecOposicion" classname="marcos.ProfesorTest" time="0.001"/>
</testsuite>