<?xml version="1.0" encoding="UTF-8"?>
<testsuite xmlns:xsi="http://www.w3.org/2001/XMLSchema-instance" xsi:noNamespaceSchemaLocation="https://maven.apache.org/surefire/maven-surefire-plugin/xsd/surefire-test-report.xsd" version="3.0.1" name="calculadora.CalculadoraTest" time="0.566" tests="12" errors="0" skipped="0" failures="0">
  <properties>
[...]
</properties>
  <testcase name="testSumar(int, int, int)[1]" classname="calculadora.CalculadoraTest" time="0.148"/>
  <testcase name="testSumar(int, int, int)[2]" classname="calculadora.CalculadoraTest" time="0.003"/>
  <testcase name="testSumar(int, int, int)[3]" classname="calculadora.CalculadoraTest" time="0.001"/>
  <testcase name="testMultiplicar(int, int, int)[1]" classname="calculadora.CalculadoraTest" time="0.022"/>
  <testcase name="testMultiplicar(int, int, int)[2]" classname="calculadora.CalculadoraTest" time="0.003"/>
  <testcase name="testMultiplicar(int, int, int)[3]" classname="calculadora.CalculadoraTest" time="0.007"/>
  <testcase name="testDividir(int, int, int)[1]" classname="calculadora.CalculadoraTest" time="0.007"/>
  <testcase name="testDividir(int, int, int)[2]" classname="calculadora.CalculadoraTest" time="0.004"/>
  <testcase name="testDividir(int, int, int)[3]" classname="calculadora.CalculadoraTest" time="0.002"/>
  <testcase name="testRestar(int, int, int)[1]" classname="calculadora.CalculadoraTest" time="0.001"/>
  <testcase name="testRestar(int, int, int)[2]" classname="calculadora.CalculadoraTest" time="0.002"/>
  <testcase name="testRestar(int, int, int)[3]" classname="calculadora.CalculadoraTest" time="0.005"/>
</testsuite>